<?xml version="1.0" encoding="UTF-8"?>
<!-- Generated by org.testng.reporters.JUnitReportReporter -->
<testsuite hostname="DESKTOP-3O9T5AI" failures="0" tests="1" name="Demo.Test1" time="0.044" errors="0" timestamp="2022-09-29T11:09:54 IST" skipped="0">
  <testcase classname="Demo.Test1" name="tc1" time="0.044"/>
  <system-out/>
</testsuite> <!-- Demo.Test1 -->
