<?xml version="1.0" encoding="UTF-8"?>
<!-- Generated by org.testng.reporters.JUnitReportReporter -->
<testsuite hostname="DESKTOP-3O9T5AI" failures="0" tests="1" name="Demo.ContactTest" time="0.016" errors="0" timestamp="2022-10-02T00:14:55 IST" skipped="0">
  <testcase classname="Demo.ContactTest" name="contact" time="0.016"/>
  <system-out/>
</testsuite> <!-- Demo.ContactTest -->
